Target directory: /Users/chohanic/Documents/vscode/live-class-student-engagement-analysis-with-generative-ai
Lint:
✔  binary-exec-lib: Did not find a file matching the specified patterns
	✔ **/*.jar
	✔ **/*.exe
	✔ **/*.dll
	✔ **/*.pyc
	✔ **/*.class
	✔ **/*.so
	✔ **/*.o
	✔ **/*.a
⚠  binary-archive: Found files
	ℹ PolicyUrl: https://w.amazon.com/bin/view/Open_Source/Tools/Repolinter/Ruleset/Binary-Archive (lambda_function.zip)
✔  binary-document: Did not find a file matching the specified patterns
	✔ **/*.pdf
	✔ **/*.doc
	✔ **/*.docx
	✔ **/*.xls
	✔ **/*.xlsx
	✔ **/*.ppt
	✔ **/*.pptx
	✔ **/*.odt
✔  font-file: Did not find a file matching the specified patterns
	✔ **/*.ttf
	✔ **/*.otf
	✔ **/*.svg
	✔ **/*.eot
	✔ **/*.woff
	✔ **/*.woff2
✔  amazon-logo: No file matching hash found
⚠  third-party-image: Found files
	ℹ PolicyUrl: https://w.amazon.com/bin/view/Open_Source/Tools/Repolinter/Ruleset/Third-Party-Image
	⚠ asset/architecture.png
	⚠ asset/bedrock/image1.png
	⚠ asset/bedrock/image2.png
	⚠ asset/bedrock/image3.png
	⚠ asset/bedrock/image4.png
	⚠ asset/demo/image1.png
	⚠ asset/demo/image10.png
	⚠ asset/demo/image11.png
	⚠ asset/demo/image2.png
	⚠ asset/demo/image3.png
	⚠ asset/demo/image4.png
	⚠ asset/demo/image5.png
	⚠ asset/demo/image6.png
	⚠ asset/demo/image7.png
	⚠ asset/demo/image8.png
	⚠ asset/demo/image9.png
	⚠ asset/cloudformation-stack/image1.png
	⚠ asset/cloudformation-stack/image2.png
	⚠ asset/cloudformation-stack/image4.png
	⚠ asset/cloudformation-stack/image3.png
	⚠ asset/cloudformation-stack/image5.png
	⚠ asset/recording-config/image1.png
	⚠ asset/recording-config/image2.png
	⚠ asset/recording-config/image3.png
	⚠ asset/recording-config/image4.png
	⚠ asset/recording-config/image7.png
	⚠ asset/recording-config/image5.png
	⚠ asset/recording-config/image8.png
	⚠ asset/lambda-fun/image1.png
	⚠ asset/lambda-fun/image2.png
	⚠ asset/testing/image1.png
	⚠ asset/testing/image10.png
	⚠ asset/testing/image11.png
	⚠ asset/testing/image12.png
	⚠ asset/testing/image13.png
	⚠ asset/testing/image14.png
	⚠ asset/testing/image16.png
	⚠ asset/testing/image17.png
	⚠ asset/testing/image15.png
	⚠ asset/testing/image18.png
	⚠ asset/testing/image2.png
	⚠ asset/testing/image3.png
	⚠ asset/testing/image4.png
	⚠ asset/testing/image5.png
	⚠ asset/testing/image6.png
	⚠ asset/testing/image7.png
	⚠ asset/testing/image8.png
	⚠ asset/testing/image9.png
✔  dataset: Did not find a file matching the specified patterns
	✔ **/*.csv
	✔ **/*.data
	✔ **/*.tsv
✔  dockerfile: Did not find a file matching the specified patterns (**/*docker*)
✔  general-logo: Did not find a file matching the specified patterns (**/*logo*)
✔  dockerfile-download-statement: Did not find content matching specified patterns
✔  internal-url: Did not find content matching specified patterns
✔  prohibited-license: Did not find content matching specified patterns
⚠  third-party-license-file: Found files
	ℹ PolicyUrl: https://w.amazon.com/bin/view/Open_Source/Tools/Repolinter/Ruleset/Third-Party-License-File/ (LICENSE)
⚠  hidden-or-generated-file: Found files
	ℹ PolicyUrl: https://w.amazon.com/bin/view/Open_Source/Tools/Repolinter/Ruleset/Hidden-Generated-File
	⚠ .git
	⚠ asset/.DS_Store
⚠  large-file: Large file(s) found:
	ℹ PolicyUrl: https://w.amazon.com/bin/view/Open_Source/Tools/Repolinter/Ruleset/Large-File
	⚠ /Users/chohanic/Documents/vscode/live-class-student-engagement-analysis-with-generative-ai/lambda_function.zip: File size 2.143619 MB bytes
	⚠ /Users/chohanic/Documents/vscode/live-class-student-engagement-analysis-with-generative-ai/asset/bedrock/image1.png: File size 1.450486 MB bytes
	⚠ /Users/chohanic/Documents/vscode/live-class-student-engagement-analysis-with-generative-ai/asset/demo/image11.png: File size 966.307 KB bytes
	⚠ /Users/chohanic/Documents/vscode/live-class-student-engagement-analysis-with-generative-ai/asset/testing/image8.png: File size 818.178 KB bytes
	⚠ /Users/chohanic/Documents/vscode/live-class-student-engagement-analysis-with-generative-ai/asset/demo/image8.png: File size 686.999 KB bytes
	⚠ /Users/chohanic/Documents/vscode/live-class-student-engagement-analysis-with-generative-ai/asset/demo/image7.png: File size 677.651 KB bytes
	⚠ /Users/chohanic/Documents/vscode/live-class-student-engagement-analysis-with-generative-ai/asset/bedrock/image2.png: File size 596.655 KB bytes
	⚠ /Users/chohanic/Documents/vscode/live-class-student-engagement-analysis-with-generative-ai/asset/lambda-fun/image1.png: File size 563.406 KB bytes
	⚠ /Users/chohanic/Documents/vscode/live-class-student-engagement-analysis-with-generative-ai/asset/architecture.png: File size 527.367 KB bytes
	⚠ /Users/chohanic/Documents/vscode/live-class-student-engagement-analysis-with-generative-ai/asset/testing/image10.png: File size 504.959 KB bytes
